<?xml version="1.0" encoding="UTF-8"?>
<testng-results skipped="0" failed="0" total="1" passed="1">
  <reporter-output>
  </reporter-output>
  <suite name="Suite" duration-ms="16853" started-at="2019-08-01T10:14:35Z" finished-at="2019-08-01T10:14:52Z">
    <groups>
    </groups>
    <test name="Regression" duration-ms="16853" started-at="2019-08-01T10:14:35Z" finished-at="2019-08-01T10:14:52Z">
      <class name="com.bugasura.testcases.VerifyWifiEnable">
        <test-method status="PASS" signature="launchApp()[pri:0, instance:com.bugasura.testcases.VerifyWifiEnable@4b4523f8]" name="launchApp" is-config="true" duration-ms="8231" started-at="2019-08-01T15:44:35Z" finished-at="2019-08-01T15:44:44Z">
          <reporter-output>
          </reporter-output>
        </test-method> <!-- launchApp -->
        <test-method status="PASS" signature="VerifyWifi(java.lang.String)[pri:0, instance:com.bugasura.testcases.VerifyWifiEnable@4b4523f8]" name="VerifyWifi" duration-ms="7085" started-at="2019-08-01T15:44:44Z" finished-at="2019-08-01T15:44:51Z">
          <params>
            <param index="0">
              <value>
                <![CDATA[ZY322C6KX6]]>
              </value>
            </param>
          </params>
          <reporter-output>
          </reporter-output>
        </test-method> <!-- VerifyWifi -->
        <test-method status="PASS" signature="tearDown()[pri:0, instance:com.bugasura.testcases.VerifyWifiEnable@4b4523f8]" name="tearDown" is-config="true" duration-ms="1143" started-at="2019-08-01T15:44:51Z" finished-at="2019-08-01T15:44:52Z">
          <reporter-output>
          </reporter-output>
        </test-method> <!-- tearDown -->
      </class> <!-- com.bugasura.testcases.VerifyWifiEnable -->
    </test> <!-- Regression -->
  </suite> <!-- Suite -->
</testng-results>
